nohup: 忽略输入
2022/10/10 21:53:50 start server
2022/10/10 21:54:16 hexoCommand Newpage
2022/10/10 21:54:28 INFO  Validating config
INFO  Created: ~/workdir/hexo/jinxycandotailwhip/source/_posts/testPic2.md

2022/10/10 21:54:28 
2022/10/10 21:54:30 [master c1db7fe] robot new page commit
 2 files changed, 6 insertions(+)
 create mode 100644 source/_posts/testPic2.md
 create mode 100644 source/_posts/testPic2/.gitkeep

2022/10/10 21:54:30 hexo new page succeed
2022/10/10 21:54:31 hexoCommand Generate
2022/10/10 21:54:44 已经是最新的。
INFO  Validating config
INFO  Start processing
INFO  
------------------------------------------------
|                                              |
|     ________  __            _        __      |
|    |_   __  |[  |          (_)      |  ]     |
|      | |_ \_| | | __   _   __   .--.| |      |
|      |  _|    | |[  | | | [  |/ /'`\' |      |
|     _| |_     | | | \_/ |, | || \__/  |      |
|    |_____|   [___]'.__.'_/[___]'.__.;__]     |
|                                              |
|             感谢使用 Fluid 主题 !            |
|    文档: https://hexo.fluid-dev.com/docs/    |
|                                              |
------------------------------------------------

INFO  Files loaded in 2.51 s
INFO  Generated: local-search.xml
INFO  Generated: 2022/10/10/testPic2/index.html
INFO  Generated: 2022/10/10/testPic/index.html
INFO  Generated: archives/index.html
INFO  Generated: archives/2022/10/index.html
INFO  Generated: archives/2022/index.html
INFO  Generated: index.html
INFO  7 files generated in 784 ms

2022/10/10 21:54:44 hexo generate succeed
2022/10/10 21:56:17 hexoCommand Generate
2022/10/10 21:56:31 已经是最新的。
INFO  Validating config
INFO  Start processing
INFO  
------------------------------------------------
|                                              |
|     ________  __            _        __      |
|    |_   __  |[  |          (_)      |  ]     |
|      | |_ \_| | | __   _   __   .--.| |      |
|      |  _|    | |[  | | | [  |/ /'`\' |      |
|     _| |_     | | | \_/ |, | || \__/  |      |
|    |_____|   [___]'.__.'_/[___]'.__.;__]     |
|                                              |
|             感谢使用 Fluid 主题 !            |
|    文档: https://hexo.fluid-dev.com/docs/    |
|                                              |
------------------------------------------------

INFO  Files loaded in 2.43 s
INFO  Deleted: 2022/10/10/testPic/index.html
INFO  Deleted: 2022/10/10/testPic2/index.html
INFO  Generated: local-search.xml
INFO  Generated: archives/index.html
INFO  Generated: archives/2022/index.html
INFO  Generated: archives/2022/10/index.html
INFO  Generated: index.html
INFO  Generated: 2022/10/05/raspberryPi-hexo建站/index.html
INFO  6 files generated in 701 ms

2022/10/10 21:56:31 hexo generate succeed
